<?xml version="1.0" encoding="UTF-8" ?>
<testsuite failures="0" time="0.035" errors="0" skipped="0" tests="1" name="org.papinha.spark.AppTest">
  <properties>
    <property name="java.runtime.name" value="Java(TM) SE Runtime Environment"/>
    <property name="sun.boot.library.path" value="C:\Program Files\Java\jdk1.7.0_03\jre\bin"/>
    <property name="java.vm.version" value="22.1-b02"/>
    <property name="user.country.format" value="AR"/>
    <property name="java.vm.vendor" value="Oracle Corporation"/>
    <property name="java.vendor.url" value="http://java.oracle.com/"/>
    <property name="path.separator" value=";"/>
    <property name="java.vm.name" value="Java HotSpot(TM) 64-Bit Server VM"/>
    <property name="file.encoding.pkg" value="sun.io"/>
    <property name="user.script" value=""/>
    <property name="user.country" value="ES"/>
    <property name="sun.java.launcher" value="SUN_STANDARD"/>
    <property name="sun.os.patch.level" value="Service Pack 1"/>
    <property name="java.vm.specification.name" value="Java Virtual Machine Specification"/>
    <property name="user.dir" value="D:\Programacion\Java\Spark\demo-app"/>
    <property name="java.runtime.version" value="1.7.0_03-b05"/>
    <property name="java.awt.graphicsenv" value="sun.awt.Win32GraphicsEnvironment"/>
    <property name="basedir" value="D:\Programacion\Java\Spark\demo-app"/>
    <property name="java.endorsed.dirs" value="C:\Program Files\Java\jdk1.7.0_03\jre\lib\endorsed"/>
    <property name="os.arch" value="amd64"/>
    <property name="surefire.real.class.path" value="C:\Users\Juan\AppData\Local\Temp\surefirebooter8873103777683009494.jar"/>
    <property name="java.io.tmpdir" value="C:\Users\Juan\AppData\Local\Temp\"/>
    <property name="line.separator" value="
"/>
    <property name="java.vm.specification.vendor" value="Oracle Corporation"/>
    <property name="user.variant" value=""/>
    <property name="os.name" value="Windows 7"/>
    <property name="sun.jnu.encoding" value="Cp1252"/>
    <property name="java.library.path" value="C:\Program Files\Java\jdk1.7.0_03\jre\bin;C:\Windows\Sun\Java\bin;C:\Windows\system32;C:\Windows;C:\Program Files\Common Files\Microsoft Shared\Windows Live;C:\Program Files (x86)\Common Files\Microsoft Shared\Windows Live;C:\Windows\system32;C:\Windows;C:\Windows\System32\Wbem;C:\Windows\System32\WindowsPowerShell\v1.0\;C:\Program Files\WIDCOMM\Bluetooth Software\;C:\Program Files\WIDCOMM\Bluetooth Software\syswow64;C:\Program Files (x86)\ATI Technologies\ATI.ACE\Core-Static;C:\Program Files\Dell\DW WLAN Card;C:\Program Files (x86)\Windows Live\Shared;D:\maven\apache-maven-2.2.1\bin;C:\Program Files\Java\jdk1.7.0_03;C:\Program Files\Java\jdk1.7.0_03\bin;D:\vert.x-2.1M1\bin;C:\RailsInstaller\Git\cmd;C:\RailsInstaller\Ruby1.9.3\bin;."/>
    <property name="surefire.test.class.path" value="D:\Programacion\Java\Spark\demo-app\target\test-classes;D:\Programacion\Java\Spark\demo-app\target\classes;C:\Users\Juan\.m2\repository\junit\junit\3.8.1\junit-3.8.1.jar;C:\Users\Juan\.m2\repository\com\sparkjava\spark-core\1.1.1\spark-core-1.1.1.jar;C:\Users\Juan\.m2\repository\org\slf4j\slf4j-api\1.7.2\slf4j-api-1.7.2.jar;C:\Users\Juan\.m2\repository\org\eclipse\jetty\jetty-server\9.0.2.v20130417\jetty-server-9.0.2.v20130417.jar;C:\Users\Juan\.m2\repository\org\eclipse\jetty\orbit\javax.servlet\3.0.0.v201112011016\javax.servlet-3.0.0.v201112011016.jar;C:\Users\Juan\.m2\repository\org\eclipse\jetty\jetty-http\9.0.2.v20130417\jetty-http-9.0.2.v20130417.jar;C:\Users\Juan\.m2\repository\org\eclipse\jetty\jetty-util\9.0.2.v20130417\jetty-util-9.0.2.v20130417.jar;C:\Users\Juan\.m2\repository\org\eclipse\jetty\jetty-io\9.0.2.v20130417\jetty-io-9.0.2.v20130417.jar;C:\Users\Juan\.m2\repository\org\eclipse\jetty\jetty-webapp\9.0.2.v20130417\jetty-webapp-9.0.2.v20130417.jar;C:\Users\Juan\.m2\repository\org\eclipse\jetty\jetty-xml\9.0.2.v20130417\jetty-xml-9.0.2.v20130417.jar;C:\Users\Juan\.m2\repository\org\eclipse\jetty\jetty-servlet\9.0.2.v20130417\jetty-servlet-9.0.2.v20130417.jar;C:\Users\Juan\.m2\repository\org\eclipse\jetty\jetty-security\9.0.2.v20130417\jetty-security-9.0.2.v20130417.jar;"/>
    <property name="java.specification.name" value="Java Platform API Specification"/>
    <property name="java.class.version" value="51.0"/>
    <property name="sun.management.compiler" value="HotSpot 64-Bit Tiered Compilers"/>
    <property name="os.version" value="6.1"/>
    <property name="user.home" value="C:\Users\Juan"/>
    <property name="user.timezone" value=""/>
    <property name="java.awt.printerjob" value="sun.awt.windows.WPrinterJob"/>
    <property name="java.specification.version" value="1.7"/>
    <property name="file.encoding" value="Cp1252"/>
    <property name="user.name" value="Juan"/>
    <property name="java.class.path" value="D:\Programacion\Java\Spark\demo-app\target\test-classes;D:\Programacion\Java\Spark\demo-app\target\classes;C:\Users\Juan\.m2\repository\junit\junit\3.8.1\junit-3.8.1.jar;C:\Users\Juan\.m2\repository\com\sparkjava\spark-core\1.1.1\spark-core-1.1.1.jar;C:\Users\Juan\.m2\repository\org\slf4j\slf4j-api\1.7.2\slf4j-api-1.7.2.jar;C:\Users\Juan\.m2\repository\org\eclipse\jetty\jetty-server\9.0.2.v20130417\jetty-server-9.0.2.v20130417.jar;C:\Users\Juan\.m2\repository\org\eclipse\jetty\orbit\javax.servlet\3.0.0.v201112011016\javax.servlet-3.0.0.v201112011016.jar;C:\Users\Juan\.m2\repository\org\eclipse\jetty\jetty-http\9.0.2.v20130417\jetty-http-9.0.2.v20130417.jar;C:\Users\Juan\.m2\repository\org\eclipse\jetty\jetty-util\9.0.2.v20130417\jetty-util-9.0.2.v20130417.jar;C:\Users\Juan\.m2\repository\org\eclipse\jetty\jetty-io\9.0.2.v20130417\jetty-io-9.0.2.v20130417.jar;C:\Users\Juan\.m2\repository\org\eclipse\jetty\jetty-webapp\9.0.2.v20130417\jetty-webapp-9.0.2.v20130417.jar;C:\Users\Juan\.m2\repository\org\eclipse\jetty\jetty-xml\9.0.2.v20130417\jetty-xml-9.0.2.v20130417.jar;C:\Users\Juan\.m2\repository\org\eclipse\jetty\jetty-servlet\9.0.2.v20130417\jetty-servlet-9.0.2.v20130417.jar;C:\Users\Juan\.m2\repository\org\eclipse\jetty\jetty-security\9.0.2.v20130417\jetty-security-9.0.2.v20130417.jar;"/>
    <property name="java.vm.specification.version" value="1.7"/>
    <property name="sun.arch.data.model" value="64"/>
    <property name="java.home" value="C:\Program Files\Java\jdk1.7.0_03\jre"/>
    <property name="sun.java.command" value="C:\Users\Juan\AppData\Local\Temp\surefirebooter8873103777683009494.jar C:\Users\Juan\AppData\Local\Temp\surefire5963194686203052964tmp C:\Users\Juan\AppData\Local\Temp\surefire1755665400333955743tmp"/>
    <property name="java.specification.vendor" value="Oracle Corporation"/>
    <property name="user.language" value="es"/>
    <property name="awt.toolkit" value="sun.awt.windows.WToolkit"/>
    <property name="java.vm.info" value="mixed mode"/>
    <property name="java.version" value="1.7.0_03"/>
    <property name="java.ext.dirs" value="C:\Program Files\Java\jdk1.7.0_03\jre\lib\ext;C:\Windows\Sun\Java\lib\ext"/>
    <property name="sun.boot.class.path" value="C:\Program Files\Java\jdk1.7.0_03\jre\lib\resources.jar;C:\Program Files\Java\jdk1.7.0_03\jre\lib\rt.jar;C:\Program Files\Java\jdk1.7.0_03\jre\lib\sunrsasign.jar;C:\Program Files\Java\jdk1.7.0_03\jre\lib\jsse.jar;C:\Program Files\Java\jdk1.7.0_03\jre\lib\jce.jar;C:\Program Files\Java\jdk1.7.0_03\jre\lib\charsets.jar;C:\Program Files\Java\jdk1.7.0_03\jre\classes"/>
    <property name="java.vendor" value="Oracle Corporation"/>
    <property name="localRepository" value="C:\Users\Juan\.m2\repository"/>
    <property name="file.separator" value="\"/>
    <property name="java.vendor.url.bug" value="http://bugreport.sun.com/bugreport/"/>
    <property name="sun.cpu.endian" value="little"/>
    <property name="sun.io.unicode.encoding" value="UnicodeLittle"/>
    <property name="sun.desktop" value="windows"/>
    <property name="sun.cpu.isalist" value="amd64"/>
  </properties>
  <testcase time="0.005" classname="org.papinha.spark.AppTest" name="testApp"/>
</testsuite>